This file contains any messages produced by compilers while
running configure, to aid debugging if configure makes a mistake.

It was created by Turbine configure 0.8.0, which was
generated by GNU Autoconf 2.69.  Invocation command line was

  $ ./configure 

## --------- ##
## Platform. ##
## --------- ##

hostname = Jennys-MacBook-Pro.local
uname -m = x86_64
uname -r = 15.4.0
uname -s = Darwin
uname -v = Darwin Kernel Version 15.4.0: Fri Feb 26 22:08:05 PST 2016; root:xnu-3248.40.184~3/RELEASE_X86_64

/usr/bin/uname -p = i386
/bin/uname -X     = unknown

/bin/arch              = unknown
/usr/bin/arch -k       = unknown
/usr/convex/getsysinfo = unknown
/usr/bin/hostinfo      = Mach kernel version:
	 Darwin Kernel Version 15.4.0: Fri Feb 26 22:08:05 PST 2016; root:xnu-3248.40.184~3/RELEASE_X86_64
Kernel configured for up to 4 processors.
2 processors are physically available.
4 processors are logically available.
Processor type: i486 (Intel 80486)
Processors active: 0 1 2 3
Primary memory available: 8.00 gigabytes
Default processor set: 271 tasks, 1411 threads, 4 processors
Load average: 2.32, Mach factor: 2.19
/bin/machine           = unknown
/usr/bin/oslevel       = unknown
/bin/universe          = unknown

PATH: ~/swift-t/turbine/code/bin
PATH: ~/swift-t/stc/code/bin
PATH: /Library/Frameworks/Python.framework/Versions/3.5/bin
PATH: /Users/jennysteffens/anaconda/bin
PATH: /Library/Frameworks/Python.framework/Versions/2.7/bin
PATH: /Library/Frameworks/Python.framework/Versions/2.7/bin
PATH: /usr/local/bin
PATH: /usr/bin
PATH: /bin
PATH: /usr/sbin
PATH: /sbin
PATH: ~/Documents/db-6.2.23/build_unix


## ----------- ##
## Core tests. ##
## ----------- ##

configure:2507: result: Turbine version: 0.8.0
configure:2513: error: "You must provide --prefix"

## ---------------- ##
## Cache variables. ##
## ---------------- ##

ac_cv_env_CCC_set=
ac_cv_env_CCC_value=
ac_cv_env_CC_set=
ac_cv_env_CC_value=
ac_cv_env_CFLAGS_set=
ac_cv_env_CFLAGS_value=
ac_cv_env_CPPFLAGS_set=
ac_cv_env_CPPFLAGS_value=
ac_cv_env_CPP_set=
ac_cv_env_CPP_value=
ac_cv_env_CXXFLAGS_set=
ac_cv_env_CXXFLAGS_value=
ac_cv_env_CXX_set=
ac_cv_env_CXX_value=
ac_cv_env_LDFLAGS_set=
ac_cv_env_LDFLAGS_value=
ac_cv_env_LIBS_set=
ac_cv_env_LIBS_value=
ac_cv_env_build_alias_set=
ac_cv_env_build_alias_value=
ac_cv_env_host_alias_set=
ac_cv_env_host_alias_value=
ac_cv_env_target_alias_set=
ac_cv_env_target_alias_value=

## ----------------- ##
## Output variables. ##
## ----------------- ##

AR=''
AWK=''
CC=''
CFLAGS=''
CPP=''
CPPFLAGS=''
CP_PARENTS=''
CP_U=''
CXX=''
CXXFLAGS=''
DEFS=''
ECHO_C='\c'
ECHO_N=''
ECHO_T=''
EGREP=''
ENABLE_DEV=''
ENABLE_FAST=''
ENABLE_MPE=''
ENABLE_SHARED=''
ENABLE_STATIC=''
ENABLE_STATIC_PKG=''
ENABLE_XPT=''
ENABLE_ZLIB=''
EXEEXT=''
GREP=''
H5CC=''
H5FC=''
HAVE_COASTER=''
HAVE_JULIA=''
HAVE_PYTHON=''
HAVE_R=''
HDF5_CC=''
HDF5_CFLAGS=''
HDF5_CPPFLAGS=''
HDF5_FC=''
HDF5_FFLAGS=''
HDF5_FLIBS=''
HDF5_LDFLAGS=''
HDF5_LIBS=''
HDF5_VERSION=''
LD=''
LDCONFIG=''
LDFLAGS=''
LIBOBJS=''
LIBS=''
LTLIBOBJS=''
MPI_IMPL=''
MPI_LINE_OUTPUT_FLAG=''
OBJEXT=''
PACKAGE_BUGREPORT='wozniak@mcs.anl.gov'
PACKAGE_NAME='Turbine'
PACKAGE_STRING='Turbine 0.8.0'
PACKAGE_TARNAME='turbine'
PACKAGE_URL=''
PACKAGE_VERSION='0.8.0'
PATH_SEPARATOR=':'
RANLIB=''
SED=''
SHELL='/bin/sh'
SWIG=''
TCL_INCLUDE_SPEC=''
TCL_LIB_SPEC=''
TCL_LIB_SPEC_EXTRA=''
TCL_VERSION=''
TURBINE_VERSION='0.8.0'
USE_ADLB=''
USE_COASTER=''
USE_C_UTILS=''
USE_JULIA=''
USE_LAUNCHER=''
USE_LIBADLB_A=''
USE_LIBCUTILS_A=''
USE_LIBTCL_A=''
USE_LIBTCL_SO=''
USE_MAC=''
USE_MACHINE=''
USE_MPE=''
USE_MPE_LIB_A=''
USE_MPI_INCLUDE=''
USE_MPI_LIB_A=''
USE_MPI_LIB_DIR=''
USE_MPI_LIB_EXTRA_A=''
USE_MPI_LIB_NAME=''
USE_MPI_LIB_SPEC=''
USE_PYTHON_INCLUDE=''
USE_PYTHON_LIBDIR=''
USE_PYTHON_NAME=''
USE_PY_VERSION_MAJOR=''
USE_PY_VERSION_MINOR=''
USE_PY_VERSION_SUFFIX=''
USE_R=''
USE_TCL=''
USE_TCLSH=''
USE_TCLSH_LOCAL=''
USE_TCL_LIB_DIR=''
USE_TCL_SYSLIB_DIR=''
USE_XLC=''
ZLIB_HOME=''
ac_ct_CC=''
ac_ct_CXX=''
bindir='${exec_prefix}/bin'
build_alias=''
datadir='${datarootdir}'
datarootdir='${prefix}/share'
docdir='${datarootdir}/doc/${PACKAGE_TARNAME}'
dvidir='${docdir}'
exec_prefix='NONE'
host_alias=''
htmldir='${docdir}'
includedir='${prefix}/include'
infodir='${datarootdir}/info'
libdir='${exec_prefix}/lib'
libexecdir='${exec_prefix}/libexec'
localedir='${datarootdir}/locale'
localstatedir='${prefix}/var'
mandir='${datarootdir}/man'
oldincludedir='/usr/include'
pdfdir='${docdir}'
prefix='NONE'
program_transform_name='s,x,x,'
psdir='${docdir}'
sbindir='${exec_prefix}/sbin'
sharedstatedir='${prefix}/com'
sysconfdir='${prefix}/etc'
target_alias=''

## ----------- ##
## confdefs.h. ##
## ----------- ##

/* confdefs.h */
#define PACKAGE_NAME "Turbine"
#define PACKAGE_TARNAME "turbine"
#define PACKAGE_VERSION "0.8.0"
#define PACKAGE_STRING "Turbine 0.8.0"
#define PACKAGE_BUGREPORT "wozniak@mcs.anl.gov"
#define PACKAGE_URL ""

configure: exit 1

## ---------------------- ##
## Running config.status. ##
## ---------------------- ##

This file was extended by Turbine config.status 0.8.0, which was
generated by GNU Autoconf 2.69.  Invocation command line was

  CONFIG_FILES    = 
  CONFIG_HEADERS  = 
  CONFIG_LINKS    = 
  CONFIG_COMMANDS = 
  $ ./config.status 

on Jennys-MacBook-Pro.local

config.status:943: creating src/turbine/turbine-version.h
config.status:943: creating src/turbine/module.mk
config.status:943: creating src/util/module.mk
config.status:943: creating src/util/debug-tokens.tcl
config.status:943: creating src/tcl/module.mk
config.status:943: creating src/tcl/adlb/module.mk
config.status:943: creating src/tcl/blob/module.mk
config.status:943: creating src/tcl/c-utils/module.mk
config.status:943: creating src/tcl/mpe/module.mk
config.status:943: creating src/tcl/julia/module.mk
config.status:943: creating src/tcl/python/module.mk
config.status:943: creating src/tcl/r/module.mk
config.status:943: creating src/tcl/static-pkg/module.mk
config.status:943: creating src/tcl/turbine/module.mk
config.status:943: creating src/executables/module.mk
config.status:943: creating lib/module.mk
config.status:943: creating scripts/main-wrap/module.mk
config.status:943: creating scripts/submit/module.mk
config.status:943: creating scripts/submit/cobalt/module.mk
config.status:943: creating scripts/submit/cray/module.mk
config.status:943: creating scripts/submit/ec2/module.mk
config.status:943: creating scripts/submit/pbs/module.mk
config.status:943: creating scripts/submit/slurm/module.mk
config.status:943: creating scripts/submit/sge/module.mk
config.status:943: creating scripts/turbine-config.sh
config.status:943: creating scripts/turbine-build-config.sh
config.status:943: creating tests/module.mk
config.status:943: creating tests/runbin.zsh
config.status:943: creating Makefile
config.status:943: creating config.h
config.status:1113: config.h is unchanged
