This file contains any messages produced by compilers while
running configure, to aid debugging if configure makes a mistake.

It was created by XLB configure 0.6.0, which was
generated by GNU Autoconf 2.69.  Invocation command line was

  $ ./configure --with-c-utils=/tmp/exm-install/c-utils --prefix=/tmp/exm-install/lb

## --------- ##
## Platform. ##
## --------- ##

hostname = wireless-guest-16-18-206.uchicago.edu
uname -m = x86_64
uname -r = 15.4.0
uname -s = Darwin
uname -v = Darwin Kernel Version 15.4.0: Fri Feb 26 22:08:05 PST 2016; root:xnu-3248.40.184~3/RELEASE_X86_64

/usr/bin/uname -p = i386
/bin/uname -X     = unknown

/bin/arch              = unknown
/usr/bin/arch -k       = unknown
/usr/convex/getsysinfo = unknown
/usr/bin/hostinfo      = Mach kernel version:
	 Darwin Kernel Version 15.4.0: Fri Feb 26 22:08:05 PST 2016; root:xnu-3248.40.184~3/RELEASE_X86_64
Kernel configured for up to 4 processors.
2 processors are physically available.
4 processors are logically available.
Processor type: i486 (Intel 80486)
Processors active: 0 1 2 3
Primary memory available: 8.00 gigabytes
Default processor set: 292 tasks, 1480 threads, 4 processors
Load average: 1.70, Mach factor: 2.29
/bin/machine           = unknown
/usr/bin/oslevel       = unknown
/bin/universe          = unknown

PATH: ~/swift-t/turbine/code/bin
PATH: ~/swift-t/stc/code/bin
PATH: /Library/Frameworks/Python.framework/Versions/3.5/bin
PATH: /Users/jennysteffens/anaconda/bin
PATH: /Library/Frameworks/Python.framework/Versions/2.7/bin
PATH: /Library/Frameworks/Python.framework/Versions/2.7/bin
PATH: ~/swift-t/turbine/code/bin
PATH: ~/swift-t/stc/code/bin
PATH: /Library/Frameworks/Python.framework/Versions/3.5/bin
PATH: /Users/jennysteffens/anaconda/bin
PATH: /Library/Frameworks/Python.framework/Versions/2.7/bin
PATH: /Library/Frameworks/Python.framework/Versions/2.7/bin
PATH: ~/swift-t/turbine/code/bin
PATH: ~/swift-t/stc/code/bin
PATH: /Library/Frameworks/Python.framework/Versions/3.5/bin
PATH: /Users/jennysteffens/anaconda/bin
PATH: /Library/Frameworks/Python.framework/Versions/2.7/bin
PATH: /Library/Frameworks/Python.framework/Versions/2.7/bin
PATH: ~/swift-t/turbine/code/bin
PATH: ~/swift-t/stc/code/bin
PATH: /Library/Frameworks/Python.framework/Versions/3.5/bin
PATH: /Users/jennysteffens/anaconda/bin
PATH: /Library/Frameworks/Python.framework/Versions/2.7/bin
PATH: /Library/Frameworks/Python.framework/Versions/2.7/bin
PATH: ~/swift-t/turbine/code/bin
PATH: ~/swift-t/stc/code/bin
PATH: /Library/Frameworks/Python.framework/Versions/3.5/bin
PATH: /Users/jennysteffens/anaconda/bin
PATH: /Library/Frameworks/Python.framework/Versions/2.7/bin
PATH: /Library/Frameworks/Python.framework/Versions/2.7/bin
PATH: ~/swift-t/turbine/code/bin
PATH: ~/swift-t/stc/code/bin
PATH: /Library/Frameworks/Python.framework/Versions/3.5/bin
PATH: /Users/jennysteffens/anaconda/bin
PATH: /Library/Frameworks/Python.framework/Versions/2.7/bin
PATH: /Library/Frameworks/Python.framework/Versions/2.7/bin
PATH: ~/swift-t/turbine/code/bin
PATH: ~/swift-t/stc/code/bin
PATH: /Library/Frameworks/Python.framework/Versions/3.5/bin
PATH: /Users/jennysteffens/anaconda/bin
PATH: /Library/Frameworks/Python.framework/Versions/2.7/bin
PATH: /Library/Frameworks/Python.framework/Versions/2.7/bin
PATH: /usr/local/bin
PATH: /usr/bin
PATH: /bin
PATH: /usr/sbin
PATH: /sbin


## ----------- ##
## Core tests. ##
## ----------- ##

configure:2361: result: ADLB/X version: 0.6.0
configure:2375: result: detected Mac.
configure:2395: result: using CC=/usr/local/bin/mpicc
configure:2398: result: PREFIX: /tmp/exm-install/lb
configure:2404: result: SOFTWARE: /tmp/exm-install
configure:2459: checking for gcc
configure:2486: result: mpicc
configure:2715: checking for C compiler version
configure:2724: mpicc --version >&5
Apple LLVM version 7.3.0 (clang-703.0.29)
Target: x86_64-apple-darwin15.4.0
Thread model: posix
InstalledDir: /Library/Developer/CommandLineTools/usr/bin
configure:2735: $? = 0
configure:2724: mpicc -v >&5
Apple LLVM version 7.3.0 (clang-703.0.29)
Target: x86_64-apple-darwin15.4.0
Thread model: posix
InstalledDir: /Library/Developer/CommandLineTools/usr/bin
configure:2735: $? = 0
configure:2724: mpicc -V >&5
clang: error: argument to '-V' is missing (expected 1 value)
clang: error: no input files
configure:2735: $? = 1
configure:2724: mpicc -qversion >&5
clang: error: unknown argument: '-qversion'
clang: error: no input files
configure:2735: $? = 1
configure:2755: checking whether the C compiler works
configure:2777: mpicc    conftest.c  >&5
configure:2781: $? = 0
configure:2829: result: yes
configure:2832: checking for C compiler default output file name
configure:2834: result: a.out
configure:2840: checking for suffix of executables
configure:2847: mpicc -o conftest    conftest.c  >&5
configure:2851: $? = 0
configure:2873: result: 
configure:2895: checking whether we are cross compiling
configure:2903: mpicc -o conftest    conftest.c  >&5
configure:2907: $? = 0
configure:2914: ./conftest
configure:2918: $? = 0
configure:2933: result: no
configure:2938: checking for suffix of object files
configure:2960: mpicc -c   conftest.c >&5
configure:2964: $? = 0
configure:2985: result: o
configure:2989: checking whether we are using the GNU C compiler
configure:3008: mpicc -c   conftest.c >&5
configure:3008: $? = 0
configure:3017: result: yes
configure:3026: checking whether mpicc accepts -g
configure:3046: mpicc -c -g  conftest.c >&5
configure:3046: $? = 0
configure:3087: result: yes
configure:3104: checking for mpicc option to accept ISO C89
configure:3167: mpicc  -c -g -O2  conftest.c >&5
configure:3167: $? = 0
configure:3180: result: none needed
configure:3207: checking how to run the C preprocessor
configure:3238: mpicc -E  conftest.c
configure:3238: $? = 0
configure:3252: mpicc -E  conftest.c
conftest.c:9:10: fatal error: 'ac_nonexistent.h' file not found
#include <ac_nonexistent.h>
         ^
1 error generated.
configure:3252: $? = 1
configure: failed program was:
| /* confdefs.h */
| #define PACKAGE_NAME "XLB"
| #define PACKAGE_TARNAME "xlb"
| #define PACKAGE_VERSION "0.6.0"
| #define PACKAGE_STRING "XLB 0.6.0"
| #define PACKAGE_BUGREPORT "wozniak@mcs.anl.gov"
| #define PACKAGE_URL ""
| /* end confdefs.h.  */
| #include <ac_nonexistent.h>
configure:3277: result: mpicc -E
configure:3297: mpicc -E  conftest.c
configure:3297: $? = 0
configure:3311: mpicc -E  conftest.c
conftest.c:9:10: fatal error: 'ac_nonexistent.h' file not found
#include <ac_nonexistent.h>
         ^
1 error generated.
configure:3311: $? = 1
configure: failed program was:
| /* confdefs.h */
| #define PACKAGE_NAME "XLB"
| #define PACKAGE_TARNAME "xlb"
| #define PACKAGE_VERSION "0.6.0"
| #define PACKAGE_STRING "XLB 0.6.0"
| #define PACKAGE_BUGREPORT "wozniak@mcs.anl.gov"
| #define PACKAGE_URL ""
| /* end confdefs.h.  */
| #include <ac_nonexistent.h>
configure:3340: checking for grep that handles long lines and -e
configure:3398: result: /usr/bin/grep
configure:3403: checking for egrep
configure:3465: result: /usr/bin/grep -E
configure:3470: checking for ANSI C header files
configure:3490: mpicc -c -g -O2  conftest.c >&5
configure:3490: $? = 0
configure:3563: mpicc -o conftest -g -O2   conftest.c  >&5
configure:3563: $? = 0
configure:3563: ./conftest
configure:3563: $? = 0
configure:3574: result: yes
configure:3587: checking for sys/types.h
configure:3587: mpicc -c -g -O2  conftest.c >&5
configure:3587: $? = 0
configure:3587: result: yes
configure:3587: checking for sys/stat.h
configure:3587: mpicc -c -g -O2  conftest.c >&5
configure:3587: $? = 0
configure:3587: result: yes
configure:3587: checking for stdlib.h
configure:3587: mpicc -c -g -O2  conftest.c >&5
configure:3587: $? = 0
configure:3587: result: yes
configure:3587: checking for string.h
configure:3587: mpicc -c -g -O2  conftest.c >&5
configure:3587: $? = 0
configure:3587: result: yes
configure:3587: checking for memory.h
configure:3587: mpicc -c -g -O2  conftest.c >&5
configure:3587: $? = 0
configure:3587: result: yes
configure:3587: checking for strings.h
configure:3587: mpicc -c -g -O2  conftest.c >&5
configure:3587: $? = 0
configure:3587: result: yes
configure:3587: checking for inttypes.h
configure:3587: mpicc -c -g -O2  conftest.c >&5
configure:3587: $? = 0
configure:3587: result: yes
configure:3587: checking for stdint.h
configure:3587: mpicc -c -g -O2  conftest.c >&5
configure:3587: $? = 0
configure:3587: result: yes
configure:3587: checking for unistd.h
configure:3587: mpicc -c -g -O2  conftest.c >&5
configure:3587: $? = 0
configure:3587: result: yes
configure:3599: checking for int32_t
configure:3599: mpicc -c -g -O2  conftest.c >&5
configure:3599: $? = 0
configure:3599: mpicc -c -g -O2  conftest.c >&5
conftest.c:56:24: error: 'test_array' declared as an array with a negative size
static int test_array [1 - 2 * !((int32_t) (((((int32_t) 1 << N) << N) - 1) * 2 + 1)
                       ^~~~~~~~~~~~~~~~~~~~~~~~~~~~~~~~~~~~~~~~~~~~~~~~~~~~~~~~~~~~~
1 error generated.
configure:3599: $? = 1
configure: failed program was:
| /* confdefs.h */
| #define PACKAGE_NAME "XLB"
| #define PACKAGE_TARNAME "xlb"
| #define PACKAGE_VERSION "0.6.0"
| #define PACKAGE_STRING "XLB 0.6.0"
| #define PACKAGE_BUGREPORT "wozniak@mcs.anl.gov"
| #define PACKAGE_URL ""
| #define STDC_HEADERS 1
| #define HAVE_SYS_TYPES_H 1
| #define HAVE_SYS_STAT_H 1
| #define HAVE_STDLIB_H 1
| #define HAVE_STRING_H 1
| #define HAVE_MEMORY_H 1
| #define HAVE_STRINGS_H 1
| #define HAVE_INTTYPES_H 1
| #define HAVE_STDINT_H 1
| #define HAVE_UNISTD_H 1
| /* end confdefs.h.  */
| #include <stdio.h>
| #ifdef HAVE_SYS_TYPES_H
| # include <sys/types.h>
| #endif
| #ifdef HAVE_SYS_STAT_H
| # include <sys/stat.h>
| #endif
| #ifdef STDC_HEADERS
| # include <stdlib.h>
| # include <stddef.h>
| #else
| # ifdef HAVE_STDLIB_H
| #  include <stdlib.h>
| # endif
| #endif
| #ifdef HAVE_STRING_H
| # if !defined STDC_HEADERS && defined HAVE_MEMORY_H
| #  include <memory.h>
| # endif
| # include <string.h>
| #endif
| #ifdef HAVE_STRINGS_H
| # include <strings.h>
| #endif
| #ifdef HAVE_INTTYPES_H
| # include <inttypes.h>
| #endif
| #ifdef HAVE_STDINT_H
| # include <stdint.h>
| #endif
| #ifdef HAVE_UNISTD_H
| # include <unistd.h>
| #endif
| 	        enum { N = 32 / 2 - 1 };
| int
| main ()
| {
| static int test_array [1 - 2 * !((int32_t) (((((int32_t) 1 << N) << N) - 1) * 2 + 1)
| 		 < (int32_t) (((((int32_t) 1 << N) << N) - 1) * 2 + 2))];
| test_array [0] = 0;
| return test_array [0];
| 
|   ;
|   return 0;
| }
configure:3599: result: yes
configure:3610: checking for int64_t
configure:3610: mpicc -c -g -O2  conftest.c >&5
configure:3610: $? = 0
configure:3610: mpicc -c -g -O2  conftest.c >&5
conftest.c:56:24: error: 'test_array' declared as an array with a negative size
static int test_array [1 - 2 * !((int64_t) (((((int64_t) 1 << N) << N) - 1) * 2 + 1)
                       ^~~~~~~~~~~~~~~~~~~~~~~~~~~~~~~~~~~~~~~~~~~~~~~~~~~~~~~~~~~~~
1 error generated.
configure:3610: $? = 1
configure: failed program was:
| /* confdefs.h */
| #define PACKAGE_NAME "XLB"
| #define PACKAGE_TARNAME "xlb"
| #define PACKAGE_VERSION "0.6.0"
| #define PACKAGE_STRING "XLB 0.6.0"
| #define PACKAGE_BUGREPORT "wozniak@mcs.anl.gov"
| #define PACKAGE_URL ""
| #define STDC_HEADERS 1
| #define HAVE_SYS_TYPES_H 1
| #define HAVE_SYS_STAT_H 1
| #define HAVE_STDLIB_H 1
| #define HAVE_STRING_H 1
| #define HAVE_MEMORY_H 1
| #define HAVE_STRINGS_H 1
| #define HAVE_INTTYPES_H 1
| #define HAVE_STDINT_H 1
| #define HAVE_UNISTD_H 1
| /* end confdefs.h.  */
| #include <stdio.h>
| #ifdef HAVE_SYS_TYPES_H
| # include <sys/types.h>
| #endif
| #ifdef HAVE_SYS_STAT_H
| # include <sys/stat.h>
| #endif
| #ifdef STDC_HEADERS
| # include <stdlib.h>
| # include <stddef.h>
| #else
| # ifdef HAVE_STDLIB_H
| #  include <stdlib.h>
| # endif
| #endif
| #ifdef HAVE_STRING_H
| # if !defined STDC_HEADERS && defined HAVE_MEMORY_H
| #  include <memory.h>
| # endif
| # include <string.h>
| #endif
| #ifdef HAVE_STRINGS_H
| # include <strings.h>
| #endif
| #ifdef HAVE_INTTYPES_H
| # include <inttypes.h>
| #endif
| #ifdef HAVE_STDINT_H
| # include <stdint.h>
| #endif
| #ifdef HAVE_UNISTD_H
| # include <unistd.h>
| #endif
| 	        enum { N = 64 / 2 - 1 };
| int
| main ()
| {
| static int test_array [1 - 2 * !((int64_t) (((((int64_t) 1 << N) << N) - 1) * 2 + 1)
| 		 < (int64_t) (((((int64_t) 1 << N) << N) - 1) * 2 + 2))];
| test_array [0] = 0;
| return test_array [0];
| 
|   ;
|   return 0;
| }
configure:3610: result: yes
configure:3621: checking for uint32_t
configure:3621: mpicc -c -g -O2  conftest.c >&5
configure:3621: $? = 0
configure:3621: result: yes
configure:3635: checking for off_t
configure:3635: mpicc -c -g -O2  conftest.c >&5
configure:3635: $? = 0
configure:3635: mpicc -c -g -O2  conftest.c >&5
conftest.c:55:20: error: expected expression
if (sizeof ((off_t)))
                   ^
1 error generated.
configure:3635: $? = 1
configure: failed program was:
| /* confdefs.h */
| #define PACKAGE_NAME "XLB"
| #define PACKAGE_TARNAME "xlb"
| #define PACKAGE_VERSION "0.6.0"
| #define PACKAGE_STRING "XLB 0.6.0"
| #define PACKAGE_BUGREPORT "wozniak@mcs.anl.gov"
| #define PACKAGE_URL ""
| #define STDC_HEADERS 1
| #define HAVE_SYS_TYPES_H 1
| #define HAVE_SYS_STAT_H 1
| #define HAVE_STDLIB_H 1
| #define HAVE_STRING_H 1
| #define HAVE_MEMORY_H 1
| #define HAVE_STRINGS_H 1
| #define HAVE_INTTYPES_H 1
| #define HAVE_STDINT_H 1
| #define HAVE_UNISTD_H 1
| /* end confdefs.h.  */
| #include <stdio.h>
| #ifdef HAVE_SYS_TYPES_H
| # include <sys/types.h>
| #endif
| #ifdef HAVE_SYS_STAT_H
| # include <sys/stat.h>
| #endif
| #ifdef STDC_HEADERS
| # include <stdlib.h>
| # include <stddef.h>
| #else
| # ifdef HAVE_STDLIB_H
| #  include <stdlib.h>
| # endif
| #endif
| #ifdef HAVE_STRING_H
| # if !defined STDC_HEADERS && defined HAVE_MEMORY_H
| #  include <memory.h>
| # endif
| # include <string.h>
| #endif
| #ifdef HAVE_STRINGS_H
| # include <strings.h>
| #endif
| #ifdef HAVE_INTTYPES_H
| # include <inttypes.h>
| #endif
| #ifdef HAVE_STDINT_H
| # include <stdint.h>
| #endif
| #ifdef HAVE_UNISTD_H
| # include <unistd.h>
| #endif
| int
| main ()
| {
| if (sizeof ((off_t)))
| 	    return 0;
|   ;
|   return 0;
| }
configure:3635: result: yes
configure:3646: checking for pid_t
configure:3646: mpicc -c -g -O2  conftest.c >&5
configure:3646: $? = 0
configure:3646: mpicc -c -g -O2  conftest.c >&5
conftest.c:55:20: error: expected expression
if (sizeof ((pid_t)))
                   ^
1 error generated.
configure:3646: $? = 1
configure: failed program was:
| /* confdefs.h */
| #define PACKAGE_NAME "XLB"
| #define PACKAGE_TARNAME "xlb"
| #define PACKAGE_VERSION "0.6.0"
| #define PACKAGE_STRING "XLB 0.6.0"
| #define PACKAGE_BUGREPORT "wozniak@mcs.anl.gov"
| #define PACKAGE_URL ""
| #define STDC_HEADERS 1
| #define HAVE_SYS_TYPES_H 1
| #define HAVE_SYS_STAT_H 1
| #define HAVE_STDLIB_H 1
| #define HAVE_STRING_H 1
| #define HAVE_MEMORY_H 1
| #define HAVE_STRINGS_H 1
| #define HAVE_INTTYPES_H 1
| #define HAVE_STDINT_H 1
| #define HAVE_UNISTD_H 1
| /* end confdefs.h.  */
| #include <stdio.h>
| #ifdef HAVE_SYS_TYPES_H
| # include <sys/types.h>
| #endif
| #ifdef HAVE_SYS_STAT_H
| # include <sys/stat.h>
| #endif
| #ifdef STDC_HEADERS
| # include <stdlib.h>
| # include <stddef.h>
| #else
| # ifdef HAVE_STDLIB_H
| #  include <stdlib.h>
| # endif
| #endif
| #ifdef HAVE_STRING_H
| # if !defined STDC_HEADERS && defined HAVE_MEMORY_H
| #  include <memory.h>
| # endif
| # include <string.h>
| #endif
| #ifdef HAVE_STRINGS_H
| # include <strings.h>
| #endif
| #ifdef HAVE_INTTYPES_H
| # include <inttypes.h>
| #endif
| #ifdef HAVE_STDINT_H
| # include <stdint.h>
| #endif
| #ifdef HAVE_UNISTD_H
| # include <unistd.h>
| #endif
| int
| main ()
| {
| if (sizeof ((pid_t)))
| 	    return 0;
|   ;
|   return 0;
| }
configure:3646: result: yes
configure:3657: checking for ssize_t
configure:3657: mpicc -c -g -O2  conftest.c >&5
configure:3657: $? = 0
configure:3657: mpicc -c -g -O2  conftest.c >&5
conftest.c:55:22: error: expected expression
if (sizeof ((ssize_t)))
                     ^
1 error generated.
configure:3657: $? = 1
configure: failed program was:
| /* confdefs.h */
| #define PACKAGE_NAME "XLB"
| #define PACKAGE_TARNAME "xlb"
| #define PACKAGE_VERSION "0.6.0"
| #define PACKAGE_STRING "XLB 0.6.0"
| #define PACKAGE_BUGREPORT "wozniak@mcs.anl.gov"
| #define PACKAGE_URL ""
| #define STDC_HEADERS 1
| #define HAVE_SYS_TYPES_H 1
| #define HAVE_SYS_STAT_H 1
| #define HAVE_STDLIB_H 1
| #define HAVE_STRING_H 1
| #define HAVE_MEMORY_H 1
| #define HAVE_STRINGS_H 1
| #define HAVE_INTTYPES_H 1
| #define HAVE_STDINT_H 1
| #define HAVE_UNISTD_H 1
| /* end confdefs.h.  */
| #include <stdio.h>
| #ifdef HAVE_SYS_TYPES_H
| # include <sys/types.h>
| #endif
| #ifdef HAVE_SYS_STAT_H
| # include <sys/stat.h>
| #endif
| #ifdef STDC_HEADERS
| # include <stdlib.h>
| # include <stddef.h>
| #else
| # ifdef HAVE_STDLIB_H
| #  include <stdlib.h>
| # endif
| #endif
| #ifdef HAVE_STRING_H
| # if !defined STDC_HEADERS && defined HAVE_MEMORY_H
| #  include <memory.h>
| # endif
| # include <string.h>
| #endif
| #ifdef HAVE_STRINGS_H
| # include <strings.h>
| #endif
| #ifdef HAVE_INTTYPES_H
| # include <inttypes.h>
| #endif
| #ifdef HAVE_STDINT_H
| # include <stdint.h>
| #endif
| #ifdef HAVE_UNISTD_H
| # include <unistd.h>
| #endif
| int
| main ()
| {
| if (sizeof ((ssize_t)))
| 	    return 0;
|   ;
|   return 0;
| }
configure:3657: result: yes
configure:3673: checking for memchr
configure:3673: mpicc -o conftest -g -O2   conftest.c  >&5
conftest.c:42:6: warning: incompatible redeclaration of library function 'memchr' [-Wincompatible-library-redeclaration]
char memchr ();
     ^
conftest.c:42:6: note: 'memchr' is a builtin with type 'void *(const void *, int, unsigned long)'
1 warning generated.
configure:3673: $? = 0
configure:3673: result: yes
configure:3673: checking for memmove
configure:3673: mpicc -o conftest -g -O2   conftest.c  >&5
conftest.c:43:6: warning: incompatible redeclaration of library function 'memmove' [-Wincompatible-library-redeclaration]
char memmove ();
     ^
conftest.c:43:6: note: 'memmove' is a builtin with type 'void *(void *, const void *, unsigned long)'
1 warning generated.
configure:3673: $? = 0
configure:3673: result: yes
configure:3673: checking for memset
configure:3673: mpicc -o conftest -g -O2   conftest.c  >&5
conftest.c:44:6: warning: incompatible redeclaration of library function 'memset' [-Wincompatible-library-redeclaration]
char memset ();
     ^
conftest.c:44:6: note: 'memset' is a builtin with type 'void *(void *, int, unsigned long)'
1 warning generated.
configure:3673: $? = 0
configure:3673: result: yes
configure:3673: checking for pow
configure:3673: mpicc -o conftest -g -O2   conftest.c  >&5
conftest.c:45:6: warning: incompatible redeclaration of library function 'pow' [-Wincompatible-library-redeclaration]
char pow ();
     ^
conftest.c:45:6: note: 'pow' is a builtin with type 'double (double, double)'
1 warning generated.
configure:3673: $? = 0
configure:3673: result: yes
configure:3673: checking for stpcpy
configure:3673: mpicc -o conftest -g -O2   conftest.c  >&5
conftest.c:46:6: warning: incompatible redeclaration of library function 'stpcpy' [-Wincompatible-library-redeclaration]
char stpcpy ();
     ^
conftest.c:46:6: note: 'stpcpy' is a builtin with type 'char *(char *, const char *)'
1 warning generated.
configure:3673: $? = 0
configure:3673: result: yes
configure:3673: checking for strdup
configure:3673: mpicc -o conftest -g -O2   conftest.c  >&5
conftest.c:47:6: warning: incompatible redeclaration of library function 'strdup' [-Wincompatible-library-redeclaration]
char strdup ();
     ^
conftest.c:47:6: note: 'strdup' is a builtin with type 'char *(const char *)'
1 warning generated.
configure:3673: $? = 0
configure:3673: result: yes
configure:3673: checking for strtol
configure:3673: mpicc -o conftest -g -O2   conftest.c  >&5
configure:3673: $? = 0
configure:3673: result: yes
configure:3673: checking for uname
configure:3673: mpicc -o conftest -g -O2   conftest.c  >&5
configure:3673: $? = 0
configure:3673: result: yes
configure:3684: checking for strerror
configure:3684: mpicc -o conftest -g -O2   conftest.c  >&5
conftest.c:50:6: warning: incompatible redeclaration of library function 'strerror' [-Wincompatible-library-redeclaration]
char strerror ();
     ^
conftest.c:50:6: note: 'strerror' is a builtin with type 'char *(int)'
1 warning generated.
configure:3684: $? = 0
configure:3684: result: yes
configure:3693: checking for size_t
configure:3693: mpicc -c -g -O2  conftest.c >&5
configure:3693: $? = 0
configure:3693: mpicc -c -g -O2  conftest.c >&5
conftest.c:64:21: error: expected expression
if (sizeof ((size_t)))
                    ^
1 error generated.
configure:3693: $? = 1
configure: failed program was:
| /* confdefs.h */
| #define PACKAGE_NAME "XLB"
| #define PACKAGE_TARNAME "xlb"
| #define PACKAGE_VERSION "0.6.0"
| #define PACKAGE_STRING "XLB 0.6.0"
| #define PACKAGE_BUGREPORT "wozniak@mcs.anl.gov"
| #define PACKAGE_URL ""
| #define STDC_HEADERS 1
| #define HAVE_SYS_TYPES_H 1
| #define HAVE_SYS_STAT_H 1
| #define HAVE_STDLIB_H 1
| #define HAVE_STRING_H 1
| #define HAVE_MEMORY_H 1
| #define HAVE_STRINGS_H 1
| #define HAVE_INTTYPES_H 1
| #define HAVE_STDINT_H 1
| #define HAVE_UNISTD_H 1
| #define HAVE_MEMCHR 1
| #define HAVE_MEMMOVE 1
| #define HAVE_MEMSET 1
| #define HAVE_POW 1
| #define HAVE_STPCPY 1
| #define HAVE_STRDUP 1
| #define HAVE_STRTOL 1
| #define HAVE_UNAME 1
| #define HAVE_STRERROR 1
| /* end confdefs.h.  */
| #include <stdio.h>
| #ifdef HAVE_SYS_TYPES_H
| # include <sys/types.h>
| #endif
| #ifdef HAVE_SYS_STAT_H
| # include <sys/stat.h>
| #endif
| #ifdef STDC_HEADERS
| # include <stdlib.h>
| # include <stddef.h>
| #else
| # ifdef HAVE_STDLIB_H
| #  include <stdlib.h>
| # endif
| #endif
| #ifdef HAVE_STRING_H
| # if !defined STDC_HEADERS && defined HAVE_MEMORY_H
| #  include <memory.h>
| # endif
| # include <string.h>
| #endif
| #ifdef HAVE_STRINGS_H
| # include <strings.h>
| #endif
| #ifdef HAVE_INTTYPES_H
| # include <inttypes.h>
| #endif
| #ifdef HAVE_STDINT_H
| # include <stdint.h>
| #endif
| #ifdef HAVE_UNISTD_H
| # include <unistd.h>
| #endif
| int
| main ()
| {
| if (sizeof ((size_t)))
| 	    return 0;
|   ;
|   return 0;
| }
configure:3693: result: yes
configure:3706: checking for working alloca.h
configure:3723: mpicc -o conftest -g -O2   conftest.c  >&5
configure:3723: $? = 0
configure:3731: result: yes
configure:3739: checking for alloca
configure:3776: mpicc -o conftest -g -O2   conftest.c  >&5
configure:3776: $? = 0
configure:3784: result: yes
configure:3892: checking for stdlib.h
configure:3892: result: yes
configure:3902: checking for GNU libc compatible malloc
configure:3926: mpicc -o conftest -g -O2   conftest.c  >&5
configure:3926: $? = 0
configure:3926: ./conftest
configure:3926: $? = 0
configure:3936: result: yes
configure:3959: checking for stdlib.h
configure:3959: result: yes
configure:3969: checking for GNU libc compatible realloc
configure:3993: mpicc -o conftest -g -O2   conftest.c  >&5
configure:3993: $? = 0
configure:3993: ./conftest
configure:3993: $? = 0
configure:4003: result: yes
configure:4030: checking fcntl.h usability
configure:4030: mpicc -c -g -O2  conftest.c >&5
configure:4030: $? = 0
configure:4030: result: yes
configure:4030: checking fcntl.h presence
configure:4030: mpicc -E  conftest.c
configure:4030: $? = 0
configure:4030: result: yes
configure:4030: checking for fcntl.h
configure:4030: result: yes
configure:4030: checking for inttypes.h
configure:4030: result: yes
configure:4030: checking limits.h usability
configure:4030: mpicc -c -g -O2  conftest.c >&5
configure:4030: $? = 0
configure:4030: result: yes
configure:4030: checking limits.h presence
configure:4030: mpicc -E  conftest.c
configure:4030: $? = 0
configure:4030: result: yes
configure:4030: checking for limits.h
configure:4030: result: yes
configure:4030: checking malloc.h usability
configure:4030: mpicc -c -g -O2  conftest.c >&5
conftest.c:70:10: fatal error: 'malloc.h' file not found
#include <malloc.h>
         ^
1 error generated.
configure:4030: $? = 1
configure: failed program was:
| /* confdefs.h */
| #define PACKAGE_NAME "XLB"
| #define PACKAGE_TARNAME "xlb"
| #define PACKAGE_VERSION "0.6.0"
| #define PACKAGE_STRING "XLB 0.6.0"
| #define PACKAGE_BUGREPORT "wozniak@mcs.anl.gov"
| #define PACKAGE_URL ""
| #define STDC_HEADERS 1
| #define HAVE_SYS_TYPES_H 1
| #define HAVE_SYS_STAT_H 1
| #define HAVE_STDLIB_H 1
| #define HAVE_STRING_H 1
| #define HAVE_MEMORY_H 1
| #define HAVE_STRINGS_H 1
| #define HAVE_INTTYPES_H 1
| #define HAVE_STDINT_H 1
| #define HAVE_UNISTD_H 1
| #define HAVE_MEMCHR 1
| #define HAVE_MEMMOVE 1
| #define HAVE_MEMSET 1
| #define HAVE_POW 1
| #define HAVE_STPCPY 1
| #define HAVE_STRDUP 1
| #define HAVE_STRTOL 1
| #define HAVE_UNAME 1
| #define HAVE_STRERROR 1
| #define HAVE_ALLOCA_H 1
| #define HAVE_ALLOCA 1
| #define HAVE_STDLIB_H 1
| #define HAVE_MALLOC 1
| #define HAVE_STDLIB_H 1
| #define HAVE_REALLOC 1
| #define HAVE_FCNTL_H 1
| #define HAVE_INTTYPES_H 1
| #define HAVE_LIMITS_H 1
| /* end confdefs.h.  */
| #include <stdio.h>
| #ifdef HAVE_SYS_TYPES_H
| # include <sys/types.h>
| #endif
| #ifdef HAVE_SYS_STAT_H
| # include <sys/stat.h>
| #endif
| #ifdef STDC_HEADERS
| # include <stdlib.h>
| # include <stddef.h>
| #else
| # ifdef HAVE_STDLIB_H
| #  include <stdlib.h>
| # endif
| #endif
| #ifdef HAVE_STRING_H
| # if !defined STDC_HEADERS && defined HAVE_MEMORY_H
| #  include <memory.h>
| # endif
| # include <string.h>
| #endif
| #ifdef HAVE_STRINGS_H
| # include <strings.h>
| #endif
| #ifdef HAVE_INTTYPES_H
| # include <inttypes.h>
| #endif
| #ifdef HAVE_STDINT_H
| # include <stdint.h>
| #endif
| #ifdef HAVE_UNISTD_H
| # include <unistd.h>
| #endif
| #include <malloc.h>
configure:4030: result: no
configure:4030: checking malloc.h presence
configure:4030: mpicc -E  conftest.c
conftest.c:37:10: fatal error: 'malloc.h' file not found
#include <malloc.h>
         ^
1 error generated.
configure:4030: $? = 1
configure: failed program was:
| /* confdefs.h */
| #define PACKAGE_NAME "XLB"
| #define PACKAGE_TARNAME "xlb"
| #define PACKAGE_VERSION "0.6.0"
| #define PACKAGE_STRING "XLB 0.6.0"
| #define PACKAGE_BUGREPORT "wozniak@mcs.anl.gov"
| #define PACKAGE_URL ""
| #define STDC_HEADERS 1
| #define HAVE_SYS_TYPES_H 1
| #define HAVE_SYS_STAT_H 1
| #define HAVE_STDLIB_H 1
| #define HAVE_STRING_H 1
| #define HAVE_MEMORY_H 1
| #define HAVE_STRINGS_H 1
| #define HAVE_INTTYPES_H 1
| #define HAVE_STDINT_H 1
| #define HAVE_UNISTD_H 1
| #define HAVE_MEMCHR 1
| #define HAVE_MEMMOVE 1
| #define HAVE_MEMSET 1
| #define HAVE_POW 1
| #define HAVE_STPCPY 1
| #define HAVE_STRDUP 1
| #define HAVE_STRTOL 1
| #define HAVE_UNAME 1
| #define HAVE_STRERROR 1
| #define HAVE_ALLOCA_H 1
| #define HAVE_ALLOCA 1
| #define HAVE_STDLIB_H 1
| #define HAVE_MALLOC 1
| #define HAVE_STDLIB_H 1
| #define HAVE_REALLOC 1
| #define HAVE_FCNTL_H 1
| #define HAVE_INTTYPES_H 1
| #define HAVE_LIMITS_H 1
| /* end confdefs.h.  */
| #include <malloc.h>
configure:4030: result: no
configure:4030: checking for malloc.h
configure:4030: result: no
configure:4030: checking for memory.h
configure:4030: result: yes
configure:4042: checking stddef.h usability
configure:4042: mpicc -c -g -O2  conftest.c >&5
configure:4042: $? = 0
configure:4042: result: yes
configure:4042: checking stddef.h presence
configure:4042: mpicc -E  conftest.c
configure:4042: $? = 0
configure:4042: result: yes
configure:4042: checking for stddef.h
configure:4042: result: yes
configure:4055: checking for stdlib.h
configure:4055: result: yes
configure:4055: checking for string.h
configure:4055: result: yes
configure:4055: checking for unistd.h
configure:4055: result: yes
configure:4065: checking for stdbool.h that conforms to C99
configure:4132: mpicc -c -g -O2  conftest.c >&5
conftest.c:91:24: warning: address of 's' will always evaluate to 'true' [-Wpointer-bool-conversion]
             bool e = &s;
                  ~    ^
conftest.c:95:23: warning: address of array 'a' will always evaluate to 'true' [-Wpointer-bool-conversion]
             return (!a + !b + !c + !d + !e + !f + !g + !h + !i + !!j + !k + !!l
                     ~^
conftest.c:95:28: warning: address of array 'b' will always evaluate to 'true' [-Wpointer-bool-conversion]
             return (!a + !b + !c + !d + !e + !f + !g + !h + !i + !!j + !k + !!l
                          ~^
conftest.c:95:33: warning: address of array 'c' will always evaluate to 'true' [-Wpointer-bool-conversion]
             return (!a + !b + !c + !d + !e + !f + !g + !h + !i + !!j + !k + !!l
                               ~^
conftest.c:95:38: warning: address of array 'd' will always evaluate to 'true' [-Wpointer-bool-conversion]
             return (!a + !b + !c + !d + !e + !f + !g + !h + !i + !!j + !k + !!l
                                    ~^
conftest.c:95:48: warning: address of array 'f' will always evaluate to 'true' [-Wpointer-bool-conversion]
             return (!a + !b + !c + !d + !e + !f + !g + !h + !i + !!j + !k + !!l
                                              ~^
conftest.c:95:53: warning: address of array 'g' will always evaluate to 'true' [-Wpointer-bool-conversion]
             return (!a + !b + !c + !d + !e + !f + !g + !h + !i + !!j + !k + !!l
                                                   ~^
conftest.c:95:58: warning: address of array 'h' will always evaluate to 'true' [-Wpointer-bool-conversion]
             return (!a + !b + !c + !d + !e + !f + !g + !h + !i + !!j + !k + !!l
                                                        ~^
conftest.c:95:63: warning: address of array 'i' will always evaluate to 'true' [-Wpointer-bool-conversion]
             return (!a + !b + !c + !d + !e + !f + !g + !h + !i + !!j + !k + !!l
                                                             ~^
conftest.c:96:30: warning: address of array 'n' will always evaluate to 'true' [-Wpointer-bool-conversion]
                            ~^
conftest.c:96:35: warning: address of array 'o' will always evaluate to 'true' [-Wpointer-bool-conversion]
                                 ~^
conftest.c:96:40: warning: address of array 'p' will always evaluate to 'true' [-Wpointer-bool-conversion]
                                      ~^
12 warnings generated.
configure:4132: $? = 0
configure:4139: result: yes
configure:4141: checking for _Bool
configure:4141: mpicc -c -g -O2  conftest.c >&5
configure:4141: $? = 0
configure:4141: mpicc -c -g -O2  conftest.c >&5
conftest.c:78:20: error: expected expression
if (sizeof ((_Bool)))
                   ^
1 error generated.
configure:4141: $? = 1
configure: failed program was:
| /* confdefs.h */
| #define PACKAGE_NAME "XLB"
| #define PACKAGE_TARNAME "xlb"
| #define PACKAGE_VERSION "0.6.0"
| #define PACKAGE_STRING "XLB 0.6.0"
| #define PACKAGE_BUGREPORT "wozniak@mcs.anl.gov"
| #define PACKAGE_URL ""
| #define STDC_HEADERS 1
| #define HAVE_SYS_TYPES_H 1
| #define HAVE_SYS_STAT_H 1
| #define HAVE_STDLIB_H 1
| #define HAVE_STRING_H 1
| #define HAVE_MEMORY_H 1
| #define HAVE_STRINGS_H 1
| #define HAVE_INTTYPES_H 1
| #define HAVE_STDINT_H 1
| #define HAVE_UNISTD_H 1
| #define HAVE_MEMCHR 1
| #define HAVE_MEMMOVE 1
| #define HAVE_MEMSET 1
| #define HAVE_POW 1
| #define HAVE_STPCPY 1
| #define HAVE_STRDUP 1
| #define HAVE_STRTOL 1
| #define HAVE_UNAME 1
| #define HAVE_STRERROR 1
| #define HAVE_ALLOCA_H 1
| #define HAVE_ALLOCA 1
| #define HAVE_STDLIB_H 1
| #define HAVE_MALLOC 1
| #define HAVE_STDLIB_H 1
| #define HAVE_REALLOC 1
| #define HAVE_FCNTL_H 1
| #define HAVE_INTTYPES_H 1
| #define HAVE_LIMITS_H 1
| #define HAVE_MEMORY_H 1
| #define HAVE_STDDEF_H 1
| #define HAVE_STDLIB_H 1
| #define HAVE_STRING_H 1
| #define HAVE_UNISTD_H 1
| /* end confdefs.h.  */
| #include <stdio.h>
| #ifdef HAVE_SYS_TYPES_H
| # include <sys/types.h>
| #endif
| #ifdef HAVE_SYS_STAT_H
| # include <sys/stat.h>
| #endif
| #ifdef STDC_HEADERS
| # include <stdlib.h>
| # include <stddef.h>
| #else
| # ifdef HAVE_STDLIB_H
| #  include <stdlib.h>
| # endif
| #endif
| #ifdef HAVE_STRING_H
| # if !defined STDC_HEADERS && defined HAVE_MEMORY_H
| #  include <memory.h>
| # endif
| # include <string.h>
| #endif
| #ifdef HAVE_STRINGS_H
| # include <strings.h>
| #endif
| #ifdef HAVE_INTTYPES_H
| # include <inttypes.h>
| #endif
| #ifdef HAVE_STDINT_H
| # include <stdint.h>
| #endif
| #ifdef HAVE_UNISTD_H
| # include <unistd.h>
| #endif
| int
| main ()
| {
| if (sizeof ((_Bool)))
| 	    return 0;
|   ;
|   return 0;
| }
configure:4141: result: yes
configure:4160: checking for inline
configure:4176: mpicc -c -g -O2  conftest.c >&5
configure:4176: $? = 0
configure:4184: result: inline
configure:4202: checking for C/C++ restrict keyword
configure:4227: mpicc -c -g -O2  conftest.c >&5
configure:4227: $? = 0
configure:4235: result: __restrict
configure:4258: Generating system-libs.txt
configure:4263: checking for ldconfig
configure:4295: result: no
configure:4308: Could not find ldconfig. The linker may use system directories. See /dev/m4/syslib.m4 for more information.
configure:4325: checking for cp that supports -u
configure:4358: result: no
configure:4373: result: using MPE: no
configure:4442: checking for /tmp/exm-install/c-utils/include/c-utils.h
configure:4456: result: yes
configure:4466: result: using ExM c-utils in /tmp/exm-install/c-utils ...
configure:4562: checking MPI version
configure:4568: result: The MPI version is 3
configure:4597: result: checkpoints enabled
configure:4605: checking for _LARGEFILE_SOURCE value needed for large files
configure:4624: mpicc -o conftest -g -O2   conftest.c  >&5
configure:4624: $? = 0
configure:4652: result: no
configure:4765: checking if zlib is wanted
configure:4789: result: yes
configure:4810: performing direct check of zlib
configure:4812: checking for inflateEnd in -lz
configure:4837: mpicc -o conftest -g -O2   conftest.c -lz   >&5
configure:4837: $? = 0
configure:4846: result: yes
configure:4854: checking zlib.h usability
configure:4854: mpicc -c -g -O2  conftest.c >&5
configure:4854: $? = 0
configure:4854: result: yes
configure:4854: checking zlib.h presence
configure:4854: mpicc -E  conftest.c
configure:4854: $? = 0
configure:4854: result: yes
configure:4854: checking for zlib.h
configure:4854: result: yes
configure:4864: direct zlib check succeeded
configure:5001: checking for ar
configure:5017: found /usr/bin/ar
configure:5029: result: ar
configure:5080: checking for ranlib
configure:5096: found /usr/bin/ranlib
configure:5107: result: ranlib
configure:5258: creating ./config.status

## ---------------------- ##
## Running config.status. ##
## ---------------------- ##

This file was extended by XLB config.status 0.6.0, which was
generated by GNU Autoconf 2.69.  Invocation command line was

  CONFIG_FILES    = 
  CONFIG_HEADERS  = 
  CONFIG_LINKS    = 
  CONFIG_COMMANDS = 
  $ ./config.status 

on wireless-guest-16-18-206.uchicago.edu

config.status:852: creating Makefile
config.status:852: creating src/module.mk
config.status:852: creating src/adlb-version.h
config.status:852: creating tests/module.mk
config.status:852: creating config.h
config.status:1022: config.h is unchanged
config.status:852: creating src/mpe-settings.h
config.status:1022: src/mpe-settings.h is unchanged

## ---------------- ##
## Cache variables. ##
## ---------------- ##

ac_cv_c_compiler_gnu=yes
ac_cv_c_inline=inline
ac_cv_c_int32_t=yes
ac_cv_c_int64_t=yes
ac_cv_c_restrict=__restrict
ac_cv_c_uint32_t=yes
ac_cv_env_CC_set=set
ac_cv_env_CC_value=mpicc
ac_cv_env_CFLAGS_set=
ac_cv_env_CFLAGS_value=
ac_cv_env_CPPFLAGS_set=
ac_cv_env_CPPFLAGS_value=
ac_cv_env_CPP_set=
ac_cv_env_CPP_value=
ac_cv_env_LDFLAGS_set=
ac_cv_env_LDFLAGS_value=
ac_cv_env_LIBS_set=
ac_cv_env_LIBS_value=
ac_cv_env_build_alias_set=
ac_cv_env_build_alias_value=
ac_cv_env_host_alias_set=
ac_cv_env_host_alias_value=
ac_cv_env_target_alias_set=
ac_cv_env_target_alias_value=
ac_cv_file__tmp_exm_install_c_utils_include_c_utils_h=yes
ac_cv_func_alloca_works=yes
ac_cv_func_malloc_0_nonnull=yes
ac_cv_func_memchr=yes
ac_cv_func_memmove=yes
ac_cv_func_memset=yes
ac_cv_func_pow=yes
ac_cv_func_realloc_0_nonnull=yes
ac_cv_func_stpcpy=yes
ac_cv_func_strdup=yes
ac_cv_func_strerror=yes
ac_cv_func_strtol=yes
ac_cv_func_uname=yes
ac_cv_header_fcntl_h=yes
ac_cv_header_inttypes_h=yes
ac_cv_header_limits_h=yes
ac_cv_header_malloc_h=no
ac_cv_header_memory_h=yes
ac_cv_header_stdbool_h=yes
ac_cv_header_stdc=yes
ac_cv_header_stddef_h=yes
ac_cv_header_stdint_h=yes
ac_cv_header_stdlib_h=yes
ac_cv_header_string_h=yes
ac_cv_header_strings_h=yes
ac_cv_header_sys_stat_h=yes
ac_cv_header_sys_types_h=yes
ac_cv_header_unistd_h=yes
ac_cv_header_zlib_h=yes
ac_cv_lib_z_inflateEnd=yes
ac_cv_objext=o
ac_cv_path_EGREP='/usr/bin/grep -E'
ac_cv_path_GREP=/usr/bin/grep
ac_cv_path_LDCONFIG=no
ac_cv_path_cp_u=no
ac_cv_prog_AR=ar
ac_cv_prog_CPP='mpicc -E'
ac_cv_prog_ac_ct_CC=mpicc
ac_cv_prog_ac_ct_RANLIB=ranlib
ac_cv_prog_cc_c89=
ac_cv_prog_cc_g=yes
ac_cv_sys_largefile_source=no
ac_cv_type__Bool=yes
ac_cv_type_off_t=yes
ac_cv_type_pid_t=yes
ac_cv_type_size_t=yes
ac_cv_type_ssize_t=yes
ac_cv_working_alloca_h=yes
zlib_cv_libz=yes
zlib_cv_zlib_h=yes

## ----------------- ##
## Output variables. ##
## ----------------- ##

ADLB_ENABLE_MPE='no'
ADLB_VERSION='0.6.0'
ALLOCA=''
AR='ar'
CC='mpicc'
CFLAGS='-g -O2'
CPP='mpicc -E'
CPPFLAGS=''
CP_U='no'
DEFS='-DHAVE_CONFIG_H'
ECHO_C='\c'
ECHO_N=''
ECHO_T=''
EGREP='/usr/bin/grep -E'
ENABLE_DEV='0'
ENABLE_SHARED='1'
ENABLE_STATIC='1'
ENABLE_ZLIB='1'
EXEEXT=''
GREP='/usr/bin/grep'
LDCONFIG='no'
LDFLAGS=''
LIBOBJS=''
LIBS=''
LTLIBOBJS=''
MPE_FLAGS=''
OBJEXT='o'
PACKAGE_BUGREPORT='wozniak@mcs.anl.gov'
PACKAGE_NAME='XLB'
PACKAGE_STRING='XLB 0.6.0'
PACKAGE_TARNAME='xlb'
PACKAGE_URL=''
PACKAGE_VERSION='0.6.0'
PATH_SEPARATOR=':'
RANLIB='ranlib'
SHELL='/bin/sh'
USE_C_UTILS='/tmp/exm-install/c-utils'
USE_MAC='yes'
USE_MPE=''
USE_XLC='0'
XLB_ENABLE_XPT='yes'
ZLIB_HOME=''
ac_ct_CC='mpicc'
bindir='${exec_prefix}/bin'
build_alias=''
datadir='${datarootdir}'
datarootdir='${prefix}/share'
docdir='${datarootdir}/doc/${PACKAGE_TARNAME}'
dvidir='${docdir}'
exec_prefix='${prefix}'
host_alias=''
htmldir='${docdir}'
includedir='${prefix}/include'
infodir='${datarootdir}/info'
libdir='${exec_prefix}/lib'
libexecdir='${exec_prefix}/libexec'
localedir='${datarootdir}/locale'
localstatedir='${prefix}/var'
mandir='${datarootdir}/man'
oldincludedir='/usr/include'
pdfdir='${docdir}'
prefix='/tmp/exm-install/lb'
program_transform_name='s,x,x,'
psdir='${docdir}'
sbindir='${exec_prefix}/sbin'
sharedstatedir='${prefix}/com'
sysconfdir='${prefix}/etc'
target_alias=''

## ----------- ##
## confdefs.h. ##
## ----------- ##

/* confdefs.h */
#define PACKAGE_NAME "XLB"
#define PACKAGE_TARNAME "xlb"
#define PACKAGE_VERSION "0.6.0"
#define PACKAGE_STRING "XLB 0.6.0"
#define PACKAGE_BUGREPORT "wozniak@mcs.anl.gov"
#define PACKAGE_URL ""
#define STDC_HEADERS 1
#define HAVE_SYS_TYPES_H 1
#define HAVE_SYS_STAT_H 1
#define HAVE_STDLIB_H 1
#define HAVE_STRING_H 1
#define HAVE_MEMORY_H 1
#define HAVE_STRINGS_H 1
#define HAVE_INTTYPES_H 1
#define HAVE_STDINT_H 1
#define HAVE_UNISTD_H 1
#define HAVE_MEMCHR 1
#define HAVE_MEMMOVE 1
#define HAVE_MEMSET 1
#define HAVE_POW 1
#define HAVE_STPCPY 1
#define HAVE_STRDUP 1
#define HAVE_STRTOL 1
#define HAVE_UNAME 1
#define HAVE_STRERROR 1
#define HAVE_ALLOCA_H 1
#define HAVE_ALLOCA 1
#define HAVE_STDLIB_H 1
#define HAVE_MALLOC 1
#define HAVE_STDLIB_H 1
#define HAVE_REALLOC 1
#define HAVE_FCNTL_H 1
#define HAVE_INTTYPES_H 1
#define HAVE_LIMITS_H 1
#define HAVE_MEMORY_H 1
#define HAVE_STDDEF_H 1
#define HAVE_STDLIB_H 1
#define HAVE_STRING_H 1
#define HAVE_UNISTD_H 1
#define HAVE__BOOL 1
#define HAVE_STDBOOL_H 1
#define restrict __restrict
#define ADLB_ENABLE_MPE "no"
#define C_UTILS_LOCATION /tmp/exm-install/c-utils
#define ENABLE_LOG_DEBUG 0
#define ENABLE_LOG_TRACE 0
#define ENABLE_LOG_TRACE_MPI 0
#define ADLB_MPI_VERSION 3
#define HAVE_FSEEKO 1

configure: exit 0
