This file contains any messages produced by compilers while
running configure, to aid debugging if configure makes a mistake.

It was created by EXMCUTILS configure 0.4.0, which was
generated by GNU Autoconf 2.69.  Invocation command line was

  $ ./configure --enable-shared --prefix=/tmp/exm-install/c-utils

## --------- ##
## Platform. ##
## --------- ##

hostname = wireless-guest-16-18-206.uchicago.edu
uname -m = x86_64
uname -r = 15.4.0
uname -s = Darwin
uname -v = Darwin Kernel Version 15.4.0: Fri Feb 26 22:08:05 PST 2016; root:xnu-3248.40.184~3/RELEASE_X86_64

/usr/bin/uname -p = i386
/bin/uname -X     = unknown

/bin/arch              = unknown
/usr/bin/arch -k       = unknown
/usr/convex/getsysinfo = unknown
/usr/bin/hostinfo      = Mach kernel version:
	 Darwin Kernel Version 15.4.0: Fri Feb 26 22:08:05 PST 2016; root:xnu-3248.40.184~3/RELEASE_X86_64
Kernel configured for up to 4 processors.
2 processors are physically available.
4 processors are logically available.
Processor type: i486 (Intel 80486)
Processors active: 0 1 2 3
Primary memory available: 8.00 gigabytes
Default processor set: 292 tasks, 1509 threads, 4 processors
Load average: 2.03, Mach factor: 1.96
/bin/machine           = unknown
/usr/bin/oslevel       = unknown
/bin/universe          = unknown

PATH: ~/swift-t/turbine/code/bin
PATH: ~/swift-t/stc/code/bin
PATH: /Library/Frameworks/Python.framework/Versions/3.5/bin
PATH: /Users/jennysteffens/anaconda/bin
PATH: /Library/Frameworks/Python.framework/Versions/2.7/bin
PATH: /Library/Frameworks/Python.framework/Versions/2.7/bin
PATH: ~/swift-t/turbine/code/bin
PATH: ~/swift-t/stc/code/bin
PATH: /Library/Frameworks/Python.framework/Versions/3.5/bin
PATH: /Users/jennysteffens/anaconda/bin
PATH: /Library/Frameworks/Python.framework/Versions/2.7/bin
PATH: /Library/Frameworks/Python.framework/Versions/2.7/bin
PATH: ~/swift-t/turbine/code/bin
PATH: ~/swift-t/stc/code/bin
PATH: /Library/Frameworks/Python.framework/Versions/3.5/bin
PATH: /Users/jennysteffens/anaconda/bin
PATH: /Library/Frameworks/Python.framework/Versions/2.7/bin
PATH: /Library/Frameworks/Python.framework/Versions/2.7/bin
PATH: ~/swift-t/turbine/code/bin
PATH: ~/swift-t/stc/code/bin
PATH: /Library/Frameworks/Python.framework/Versions/3.5/bin
PATH: /Users/jennysteffens/anaconda/bin
PATH: /Library/Frameworks/Python.framework/Versions/2.7/bin
PATH: /Library/Frameworks/Python.framework/Versions/2.7/bin
PATH: ~/swift-t/turbine/code/bin
PATH: ~/swift-t/stc/code/bin
PATH: /Library/Frameworks/Python.framework/Versions/3.5/bin
PATH: /Users/jennysteffens/anaconda/bin
PATH: /Library/Frameworks/Python.framework/Versions/2.7/bin
PATH: /Library/Frameworks/Python.framework/Versions/2.7/bin
PATH: ~/swift-t/turbine/code/bin
PATH: ~/swift-t/stc/code/bin
PATH: /Library/Frameworks/Python.framework/Versions/3.5/bin
PATH: /Users/jennysteffens/anaconda/bin
PATH: /Library/Frameworks/Python.framework/Versions/2.7/bin
PATH: /Library/Frameworks/Python.framework/Versions/2.7/bin
PATH: ~/swift-t/turbine/code/bin
PATH: ~/swift-t/stc/code/bin
PATH: /Library/Frameworks/Python.framework/Versions/3.5/bin
PATH: /Users/jennysteffens/anaconda/bin
PATH: /Library/Frameworks/Python.framework/Versions/2.7/bin
PATH: /Library/Frameworks/Python.framework/Versions/2.7/bin
PATH: /usr/local/bin
PATH: /usr/bin
PATH: /bin
PATH: /usr/sbin
PATH: /sbin


## ----------- ##
## Core tests. ##
## ----------- ##

configure:2298: result: c-utils version: 0.4.0
configure:2313: result: detected Mac.
configure:2368: checking for gcc
configure:2395: result: mpicc
configure:2624: checking for C compiler version
configure:2633: mpicc --version >&5
Apple LLVM version 7.3.0 (clang-703.0.29)
Target: x86_64-apple-darwin15.4.0
Thread model: posix
InstalledDir: /Library/Developer/CommandLineTools/usr/bin
configure:2644: $? = 0
configure:2633: mpicc -v >&5
Apple LLVM version 7.3.0 (clang-703.0.29)
Target: x86_64-apple-darwin15.4.0
Thread model: posix
InstalledDir: /Library/Developer/CommandLineTools/usr/bin
configure:2644: $? = 0
configure:2633: mpicc -V >&5
clang: error: argument to '-V' is missing (expected 1 value)
clang: error: no input files
configure:2644: $? = 1
configure:2633: mpicc -qversion >&5
clang: error: unknown argument: '-qversion'
clang: error: no input files
configure:2644: $? = 1
configure:2664: checking whether the C compiler works
configure:2686: mpicc    conftest.c  >&5
configure:2690: $? = 0
configure:2738: result: yes
configure:2741: checking for C compiler default output file name
configure:2743: result: a.out
configure:2749: checking for suffix of executables
configure:2756: mpicc -o conftest    conftest.c  >&5
configure:2760: $? = 0
configure:2782: result: 
configure:2804: checking whether we are cross compiling
configure:2812: mpicc -o conftest    conftest.c  >&5
configure:2816: $? = 0
configure:2823: ./conftest
configure:2827: $? = 0
configure:2842: result: no
configure:2847: checking for suffix of object files
configure:2869: mpicc -c   conftest.c >&5
configure:2873: $? = 0
configure:2894: result: o
configure:2898: checking whether we are using the GNU C compiler
configure:2917: mpicc -c   conftest.c >&5
configure:2917: $? = 0
configure:2926: result: yes
configure:2935: checking whether mpicc accepts -g
configure:2955: mpicc -c -g  conftest.c >&5
configure:2955: $? = 0
configure:2996: result: yes
configure:3013: checking for mpicc option to accept ISO C89
configure:3076: mpicc  -c -g -O2  conftest.c >&5
configure:3076: $? = 0
configure:3089: result: none needed
configure:3117: checking how to run the C preprocessor
configure:3148: mpicc -E  conftest.c
configure:3148: $? = 0
configure:3162: mpicc -E  conftest.c
conftest.c:9:10: fatal error: 'ac_nonexistent.h' file not found
#include <ac_nonexistent.h>
         ^
1 error generated.
configure:3162: $? = 1
configure: failed program was:
| /* confdefs.h */
| #define PACKAGE_NAME "EXMCUTILS"
| #define PACKAGE_TARNAME "exmcutils"
| #define PACKAGE_VERSION "0.4.0"
| #define PACKAGE_STRING "EXMCUTILS 0.4.0"
| #define PACKAGE_BUGREPORT "wozniak@mcs.anl.gov"
| #define PACKAGE_URL ""
| /* end confdefs.h.  */
| #include <ac_nonexistent.h>
configure:3187: result: mpicc -E
configure:3207: mpicc -E  conftest.c
configure:3207: $? = 0
configure:3221: mpicc -E  conftest.c
conftest.c:9:10: fatal error: 'ac_nonexistent.h' file not found
#include <ac_nonexistent.h>
         ^
1 error generated.
configure:3221: $? = 1
configure: failed program was:
| /* confdefs.h */
| #define PACKAGE_NAME "EXMCUTILS"
| #define PACKAGE_TARNAME "exmcutils"
| #define PACKAGE_VERSION "0.4.0"
| #define PACKAGE_STRING "EXMCUTILS 0.4.0"
| #define PACKAGE_BUGREPORT "wozniak@mcs.anl.gov"
| #define PACKAGE_URL ""
| /* end confdefs.h.  */
| #include <ac_nonexistent.h>
configure:3250: checking for grep that handles long lines and -e
configure:3308: result: /usr/bin/grep
configure:3313: checking for egrep
configure:3375: result: /usr/bin/grep -E
configure:3380: checking for ANSI C header files
configure:3400: mpicc -c -g -O2  conftest.c >&5
configure:3400: $? = 0
configure:3473: mpicc -o conftest -g -O2   conftest.c  >&5
configure:3473: $? = 0
configure:3473: ./conftest
configure:3473: $? = 0
configure:3484: result: yes
configure:3497: checking for sys/types.h
configure:3497: mpicc -c -g -O2  conftest.c >&5
configure:3497: $? = 0
configure:3497: result: yes
configure:3497: checking for sys/stat.h
configure:3497: mpicc -c -g -O2  conftest.c >&5
configure:3497: $? = 0
configure:3497: result: yes
configure:3497: checking for stdlib.h
configure:3497: mpicc -c -g -O2  conftest.c >&5
configure:3497: $? = 0
configure:3497: result: yes
configure:3497: checking for string.h
configure:3497: mpicc -c -g -O2  conftest.c >&5
configure:3497: $? = 0
configure:3497: result: yes
configure:3497: checking for memory.h
configure:3497: mpicc -c -g -O2  conftest.c >&5
configure:3497: $? = 0
configure:3497: result: yes
configure:3497: checking for strings.h
configure:3497: mpicc -c -g -O2  conftest.c >&5
configure:3497: $? = 0
configure:3497: result: yes
configure:3497: checking for inttypes.h
configure:3497: mpicc -c -g -O2  conftest.c >&5
configure:3497: $? = 0
configure:3497: result: yes
configure:3497: checking for stdint.h
configure:3497: mpicc -c -g -O2  conftest.c >&5
configure:3497: $? = 0
configure:3497: result: yes
configure:3497: checking for unistd.h
configure:3497: mpicc -c -g -O2  conftest.c >&5
configure:3497: $? = 0
configure:3497: result: yes
configure:3512: checking stddef.h usability
configure:3512: mpicc -c -g -O2  conftest.c >&5
configure:3512: $? = 0
configure:3512: result: yes
configure:3512: checking stddef.h presence
configure:3512: mpicc -E  conftest.c
configure:3512: $? = 0
configure:3512: result: yes
configure:3512: checking for stddef.h
configure:3512: result: yes
configure:3512: checking for stdint.h
configure:3512: result: yes
configure:3512: checking for stdlib.h
configure:3512: result: yes
configure:3512: checking for string.h
configure:3512: result: yes
configure:3525: checking sys/param.h usability
configure:3525: mpicc -c -g -O2  conftest.c >&5
configure:3525: $? = 0
configure:3525: result: yes
configure:3525: checking sys/param.h presence
configure:3525: mpicc -E  conftest.c
configure:3525: $? = 0
configure:3525: result: yes
configure:3525: checking for sys/param.h
configure:3525: result: yes
configure:3525: checking sys/time.h usability
configure:3525: mpicc -c -g -O2  conftest.c >&5
configure:3525: $? = 0
configure:3525: result: yes
configure:3525: checking sys/time.h presence
configure:3525: mpicc -E  conftest.c
configure:3525: $? = 0
configure:3525: result: yes
configure:3525: checking for sys/time.h
configure:3525: result: yes
configure:3535: checking for stdbool.h that conforms to C99
configure:3602: mpicc -c -g -O2  conftest.c >&5
conftest.c:74:24: warning: address of 's' will always evaluate to 'true' [-Wpointer-bool-conversion]
             bool e = &s;
                  ~    ^
conftest.c:78:23: warning: address of array 'a' will always evaluate to 'true' [-Wpointer-bool-conversion]
             return (!a + !b + !c + !d + !e + !f + !g + !h + !i + !!j + !k + !!l
                     ~^
conftest.c:78:28: warning: address of array 'b' will always evaluate to 'true' [-Wpointer-bool-conversion]
             return (!a + !b + !c + !d + !e + !f + !g + !h + !i + !!j + !k + !!l
                          ~^
conftest.c:78:33: warning: address of array 'c' will always evaluate to 'true' [-Wpointer-bool-conversion]
             return (!a + !b + !c + !d + !e + !f + !g + !h + !i + !!j + !k + !!l
                               ~^
conftest.c:78:38: warning: address of array 'd' will always evaluate to 'true' [-Wpointer-bool-conversion]
             return (!a + !b + !c + !d + !e + !f + !g + !h + !i + !!j + !k + !!l
                                    ~^
conftest.c:78:48: warning: address of array 'f' will always evaluate to 'true' [-Wpointer-bool-conversion]
             return (!a + !b + !c + !d + !e + !f + !g + !h + !i + !!j + !k + !!l
                                              ~^
conftest.c:78:53: warning: address of array 'g' will always evaluate to 'true' [-Wpointer-bool-conversion]
             return (!a + !b + !c + !d + !e + !f + !g + !h + !i + !!j + !k + !!l
                                                   ~^
conftest.c:78:58: warning: address of array 'h' will always evaluate to 'true' [-Wpointer-bool-conversion]
             return (!a + !b + !c + !d + !e + !f + !g + !h + !i + !!j + !k + !!l
                                                        ~^
conftest.c:78:63: warning: address of array 'i' will always evaluate to 'true' [-Wpointer-bool-conversion]
             return (!a + !b + !c + !d + !e + !f + !g + !h + !i + !!j + !k + !!l
                                                             ~^
conftest.c:79:30: warning: address of array 'n' will always evaluate to 'true' [-Wpointer-bool-conversion]
                            ~^
conftest.c:79:35: warning: address of array 'o' will always evaluate to 'true' [-Wpointer-bool-conversion]
                                 ~^
conftest.c:79:40: warning: address of array 'p' will always evaluate to 'true' [-Wpointer-bool-conversion]
                                      ~^
12 warnings generated.
configure:3602: $? = 0
configure:3609: result: yes
configure:3611: checking for _Bool
configure:3611: mpicc -c -g -O2  conftest.c >&5
configure:3611: $? = 0
configure:3611: mpicc -c -g -O2  conftest.c >&5
conftest.c:61:20: error: expected expression
if (sizeof ((_Bool)))
                   ^
1 error generated.
configure:3611: $? = 1
configure: failed program was:
| /* confdefs.h */
| #define PACKAGE_NAME "EXMCUTILS"
| #define PACKAGE_TARNAME "exmcutils"
| #define PACKAGE_VERSION "0.4.0"
| #define PACKAGE_STRING "EXMCUTILS 0.4.0"
| #define PACKAGE_BUGREPORT "wozniak@mcs.anl.gov"
| #define PACKAGE_URL ""
| #define STDC_HEADERS 1
| #define HAVE_SYS_TYPES_H 1
| #define HAVE_SYS_STAT_H 1
| #define HAVE_STDLIB_H 1
| #define HAVE_STRING_H 1
| #define HAVE_MEMORY_H 1
| #define HAVE_STRINGS_H 1
| #define HAVE_INTTYPES_H 1
| #define HAVE_STDINT_H 1
| #define HAVE_UNISTD_H 1
| #define HAVE_STDDEF_H 1
| #define HAVE_STDINT_H 1
| #define HAVE_STDLIB_H 1
| #define HAVE_STRING_H 1
| #define HAVE_SYS_PARAM_H 1
| #define HAVE_SYS_TIME_H 1
| /* end confdefs.h.  */
| #include <stdio.h>
| #ifdef HAVE_SYS_TYPES_H
| # include <sys/types.h>
| #endif
| #ifdef HAVE_SYS_STAT_H
| # include <sys/stat.h>
| #endif
| #ifdef STDC_HEADERS
| # include <stdlib.h>
| # include <stddef.h>
| #else
| # ifdef HAVE_STDLIB_H
| #  include <stdlib.h>
| # endif
| #endif
| #ifdef HAVE_STRING_H
| # if !defined STDC_HEADERS && defined HAVE_MEMORY_H
| #  include <memory.h>
| # endif
| # include <string.h>
| #endif
| #ifdef HAVE_STRINGS_H
| # include <strings.h>
| #endif
| #ifdef HAVE_INTTYPES_H
| # include <inttypes.h>
| #endif
| #ifdef HAVE_STDINT_H
| # include <stdint.h>
| #endif
| #ifdef HAVE_UNISTD_H
| # include <unistd.h>
| #endif
| int
| main ()
| {
| if (sizeof ((_Bool)))
| 	    return 0;
|   ;
|   return 0;
| }
configure:3611: result: yes
configure:3630: checking for inline
configure:3646: mpicc -c -g -O2  conftest.c >&5
configure:3646: $? = 0
configure:3654: result: inline
configure:3672: checking for pid_t
configure:3672: mpicc -c -g -O2  conftest.c >&5
configure:3672: $? = 0
configure:3672: mpicc -c -g -O2  conftest.c >&5
conftest.c:63:20: error: expected expression
if (sizeof ((pid_t)))
                   ^
1 error generated.
configure:3672: $? = 1
configure: failed program was:
| /* confdefs.h */
| #define PACKAGE_NAME "EXMCUTILS"
| #define PACKAGE_TARNAME "exmcutils"
| #define PACKAGE_VERSION "0.4.0"
| #define PACKAGE_STRING "EXMCUTILS 0.4.0"
| #define PACKAGE_BUGREPORT "wozniak@mcs.anl.gov"
| #define PACKAGE_URL ""
| #define STDC_HEADERS 1
| #define HAVE_SYS_TYPES_H 1
| #define HAVE_SYS_STAT_H 1
| #define HAVE_STDLIB_H 1
| #define HAVE_STRING_H 1
| #define HAVE_MEMORY_H 1
| #define HAVE_STRINGS_H 1
| #define HAVE_INTTYPES_H 1
| #define HAVE_STDINT_H 1
| #define HAVE_UNISTD_H 1
| #define HAVE_STDDEF_H 1
| #define HAVE_STDINT_H 1
| #define HAVE_STDLIB_H 1
| #define HAVE_STRING_H 1
| #define HAVE_SYS_PARAM_H 1
| #define HAVE_SYS_TIME_H 1
| #define HAVE__BOOL 1
| #define HAVE_STDBOOL_H 1
| /* end confdefs.h.  */
| #include <stdio.h>
| #ifdef HAVE_SYS_TYPES_H
| # include <sys/types.h>
| #endif
| #ifdef HAVE_SYS_STAT_H
| # include <sys/stat.h>
| #endif
| #ifdef STDC_HEADERS
| # include <stdlib.h>
| # include <stddef.h>
| #else
| # ifdef HAVE_STDLIB_H
| #  include <stdlib.h>
| # endif
| #endif
| #ifdef HAVE_STRING_H
| # if !defined STDC_HEADERS && defined HAVE_MEMORY_H
| #  include <memory.h>
| # endif
| # include <string.h>
| #endif
| #ifdef HAVE_STRINGS_H
| # include <strings.h>
| #endif
| #ifdef HAVE_INTTYPES_H
| # include <inttypes.h>
| #endif
| #ifdef HAVE_STDINT_H
| # include <stdint.h>
| #endif
| #ifdef HAVE_UNISTD_H
| # include <unistd.h>
| #endif
| int
| main ()
| {
| if (sizeof ((pid_t)))
| 	    return 0;
|   ;
|   return 0;
| }
configure:3672: result: yes
configure:3683: checking for int64_t
configure:3683: mpicc -c -g -O2  conftest.c >&5
configure:3683: $? = 0
configure:3683: mpicc -c -g -O2  conftest.c >&5
conftest.c:64:24: error: 'test_array' declared as an array with a negative size
static int test_array [1 - 2 * !((int64_t) (((((int64_t) 1 << N) << N) - 1) * 2 + 1)
                       ^~~~~~~~~~~~~~~~~~~~~~~~~~~~~~~~~~~~~~~~~~~~~~~~~~~~~~~~~~~~~
1 error generated.
configure:3683: $? = 1
configure: failed program was:
| /* confdefs.h */
| #define PACKAGE_NAME "EXMCUTILS"
| #define PACKAGE_TARNAME "exmcutils"
| #define PACKAGE_VERSION "0.4.0"
| #define PACKAGE_STRING "EXMCUTILS 0.4.0"
| #define PACKAGE_BUGREPORT "wozniak@mcs.anl.gov"
| #define PACKAGE_URL ""
| #define STDC_HEADERS 1
| #define HAVE_SYS_TYPES_H 1
| #define HAVE_SYS_STAT_H 1
| #define HAVE_STDLIB_H 1
| #define HAVE_STRING_H 1
| #define HAVE_MEMORY_H 1
| #define HAVE_STRINGS_H 1
| #define HAVE_INTTYPES_H 1
| #define HAVE_STDINT_H 1
| #define HAVE_UNISTD_H 1
| #define HAVE_STDDEF_H 1
| #define HAVE_STDINT_H 1
| #define HAVE_STDLIB_H 1
| #define HAVE_STRING_H 1
| #define HAVE_SYS_PARAM_H 1
| #define HAVE_SYS_TIME_H 1
| #define HAVE__BOOL 1
| #define HAVE_STDBOOL_H 1
| /* end confdefs.h.  */
| #include <stdio.h>
| #ifdef HAVE_SYS_TYPES_H
| # include <sys/types.h>
| #endif
| #ifdef HAVE_SYS_STAT_H
| # include <sys/stat.h>
| #endif
| #ifdef STDC_HEADERS
| # include <stdlib.h>
| # include <stddef.h>
| #else
| # ifdef HAVE_STDLIB_H
| #  include <stdlib.h>
| # endif
| #endif
| #ifdef HAVE_STRING_H
| # if !defined STDC_HEADERS && defined HAVE_MEMORY_H
| #  include <memory.h>
| # endif
| # include <string.h>
| #endif
| #ifdef HAVE_STRINGS_H
| # include <strings.h>
| #endif
| #ifdef HAVE_INTTYPES_H
| # include <inttypes.h>
| #endif
| #ifdef HAVE_STDINT_H
| # include <stdint.h>
| #endif
| #ifdef HAVE_UNISTD_H
| # include <unistd.h>
| #endif
| 	        enum { N = 64 / 2 - 1 };
| int
| main ()
| {
| static int test_array [1 - 2 * !((int64_t) (((((int64_t) 1 << N) << N) - 1) * 2 + 1)
| 		 < (int64_t) (((((int64_t) 1 << N) << N) - 1) * 2 + 2))];
| test_array [0] = 0;
| return test_array [0];
| 
|   ;
|   return 0;
| }
configure:3683: result: yes
configure:3694: checking for uint8_t
configure:3694: mpicc -c -g -O2  conftest.c >&5
configure:3694: $? = 0
configure:3694: result: yes
configure:3708: checking for uint16_t
configure:3708: mpicc -c -g -O2  conftest.c >&5
configure:3708: $? = 0
configure:3708: result: yes
configure:3720: checking for uint32_t
configure:3720: mpicc -c -g -O2  conftest.c >&5
configure:3720: $? = 0
configure:3720: result: yes
configure:3734: checking for uint64_t
configure:3734: mpicc -c -g -O2  conftest.c >&5
configure:3734: $? = 0
configure:3734: result: yes
configure:3748: checking for off_t
configure:3748: mpicc -c -g -O2  conftest.c >&5
configure:3748: $? = 0
configure:3748: mpicc -c -g -O2  conftest.c >&5
conftest.c:63:20: error: expected expression
if (sizeof ((off_t)))
                   ^
1 error generated.
configure:3748: $? = 1
configure: failed program was:
| /* confdefs.h */
| #define PACKAGE_NAME "EXMCUTILS"
| #define PACKAGE_TARNAME "exmcutils"
| #define PACKAGE_VERSION "0.4.0"
| #define PACKAGE_STRING "EXMCUTILS 0.4.0"
| #define PACKAGE_BUGREPORT "wozniak@mcs.anl.gov"
| #define PACKAGE_URL ""
| #define STDC_HEADERS 1
| #define HAVE_SYS_TYPES_H 1
| #define HAVE_SYS_STAT_H 1
| #define HAVE_STDLIB_H 1
| #define HAVE_STRING_H 1
| #define HAVE_MEMORY_H 1
| #define HAVE_STRINGS_H 1
| #define HAVE_INTTYPES_H 1
| #define HAVE_STDINT_H 1
| #define HAVE_UNISTD_H 1
| #define HAVE_STDDEF_H 1
| #define HAVE_STDINT_H 1
| #define HAVE_STDLIB_H 1
| #define HAVE_STRING_H 1
| #define HAVE_SYS_PARAM_H 1
| #define HAVE_SYS_TIME_H 1
| #define HAVE__BOOL 1
| #define HAVE_STDBOOL_H 1
| /* end confdefs.h.  */
| #include <stdio.h>
| #ifdef HAVE_SYS_TYPES_H
| # include <sys/types.h>
| #endif
| #ifdef HAVE_SYS_STAT_H
| # include <sys/stat.h>
| #endif
| #ifdef STDC_HEADERS
| # include <stdlib.h>
| # include <stddef.h>
| #else
| # ifdef HAVE_STDLIB_H
| #  include <stdlib.h>
| # endif
| #endif
| #ifdef HAVE_STRING_H
| # if !defined STDC_HEADERS && defined HAVE_MEMORY_H
| #  include <memory.h>
| # endif
| # include <string.h>
| #endif
| #ifdef HAVE_STRINGS_H
| # include <strings.h>
| #endif
| #ifdef HAVE_INTTYPES_H
| # include <inttypes.h>
| #endif
| #ifdef HAVE_STDINT_H
| # include <stdint.h>
| #endif
| #ifdef HAVE_UNISTD_H
| # include <unistd.h>
| #endif
| int
| main ()
| {
| if (sizeof ((off_t)))
| 	    return 0;
|   ;
|   return 0;
| }
configure:3748: result: yes
configure:3759: checking for size_t
configure:3759: mpicc -c -g -O2  conftest.c >&5
configure:3759: $? = 0
configure:3759: mpicc -c -g -O2  conftest.c >&5
conftest.c:63:21: error: expected expression
if (sizeof ((size_t)))
                    ^
1 error generated.
configure:3759: $? = 1
configure: failed program was:
| /* confdefs.h */
| #define PACKAGE_NAME "EXMCUTILS"
| #define PACKAGE_TARNAME "exmcutils"
| #define PACKAGE_VERSION "0.4.0"
| #define PACKAGE_STRING "EXMCUTILS 0.4.0"
| #define PACKAGE_BUGREPORT "wozniak@mcs.anl.gov"
| #define PACKAGE_URL ""
| #define STDC_HEADERS 1
| #define HAVE_SYS_TYPES_H 1
| #define HAVE_SYS_STAT_H 1
| #define HAVE_STDLIB_H 1
| #define HAVE_STRING_H 1
| #define HAVE_MEMORY_H 1
| #define HAVE_STRINGS_H 1
| #define HAVE_INTTYPES_H 1
| #define HAVE_STDINT_H 1
| #define HAVE_UNISTD_H 1
| #define HAVE_STDDEF_H 1
| #define HAVE_STDINT_H 1
| #define HAVE_STDLIB_H 1
| #define HAVE_STRING_H 1
| #define HAVE_SYS_PARAM_H 1
| #define HAVE_SYS_TIME_H 1
| #define HAVE__BOOL 1
| #define HAVE_STDBOOL_H 1
| /* end confdefs.h.  */
| #include <stdio.h>
| #ifdef HAVE_SYS_TYPES_H
| # include <sys/types.h>
| #endif
| #ifdef HAVE_SYS_STAT_H
| # include <sys/stat.h>
| #endif
| #ifdef STDC_HEADERS
| # include <stdlib.h>
| # include <stddef.h>
| #else
| # ifdef HAVE_STDLIB_H
| #  include <stdlib.h>
| # endif
| #endif
| #ifdef HAVE_STRING_H
| # if !defined STDC_HEADERS && defined HAVE_MEMORY_H
| #  include <memory.h>
| # endif
| # include <string.h>
| #endif
| #ifdef HAVE_STRINGS_H
| # include <strings.h>
| #endif
| #ifdef HAVE_INTTYPES_H
| # include <inttypes.h>
| #endif
| #ifdef HAVE_STDINT_H
| # include <stdint.h>
| #endif
| #ifdef HAVE_UNISTD_H
| # include <unistd.h>
| #endif
| int
| main ()
| {
| if (sizeof ((size_t)))
| 	    return 0;
|   ;
|   return 0;
| }
configure:3759: result: yes
configure:3777: checking for floor
configure:3777: mpicc -o conftest -g -O2   conftest.c  >&5
conftest.c:50:6: warning: incompatible redeclaration of library function 'floor' [-Wincompatible-library-redeclaration]
char floor ();
     ^
conftest.c:50:6: note: 'floor' is a builtin with type 'double (double)'
1 warning generated.
configure:3777: $? = 0
configure:3777: result: yes
configure:3777: checking for gettimeofday
configure:3777: mpicc -o conftest -g -O2   conftest.c  >&5
configure:3777: $? = 0
configure:3777: result: yes
configure:3777: checking for memchr
configure:3777: mpicc -o conftest -g -O2   conftest.c  >&5
conftest.c:52:6: warning: incompatible redeclaration of library function 'memchr' [-Wincompatible-library-redeclaration]
char memchr ();
     ^
conftest.c:52:6: note: 'memchr' is a builtin with type 'void *(const void *, int, unsigned long)'
1 warning generated.
configure:3777: $? = 0
configure:3777: result: yes
configure:3777: checking for memmove
configure:3777: mpicc -o conftest -g -O2   conftest.c  >&5
conftest.c:53:6: warning: incompatible redeclaration of library function 'memmove' [-Wincompatible-library-redeclaration]
char memmove ();
     ^
conftest.c:53:6: note: 'memmove' is a builtin with type 'void *(void *, const void *, unsigned long)'
1 warning generated.
configure:3777: $? = 0
configure:3777: result: yes
configure:3789: checking for strchr
configure:3789: mpicc -o conftest -g -O2   conftest.c  >&5
conftest.c:54:6: warning: incompatible redeclaration of library function 'strchr' [-Wincompatible-library-redeclaration]
char strchr ();
     ^
conftest.c:54:6: note: 'strchr' is a builtin with type 'char *(const char *, int)'
1 warning generated.
configure:3789: $? = 0
configure:3789: result: yes
configure:3789: checking for strdup
configure:3789: mpicc -o conftest -g -O2   conftest.c  >&5
conftest.c:55:6: warning: incompatible redeclaration of library function 'strdup' [-Wincompatible-library-redeclaration]
char strdup ();
     ^
conftest.c:55:6: note: 'strdup' is a builtin with type 'char *(const char *)'
1 warning generated.
configure:3789: $? = 0
configure:3789: result: yes
configure:3789: checking for strnlen
configure:3789: mpicc -o conftest -g -O2   conftest.c  >&5
configure:3789: $? = 0
configure:3789: result: yes
configure:3789: checking for strtol
configure:3789: mpicc -o conftest -g -O2   conftest.c  >&5
configure:3789: $? = 0
configure:3789: result: yes
configure:3800: checking for stdlib.h
configure:3800: result: yes
configure:3810: checking for GNU libc compatible malloc
configure:3834: mpicc -o conftest -g -O2   conftest.c  >&5
configure:3834: $? = 0
configure:3834: ./conftest
configure:3834: $? = 0
configure:3844: result: yes
configure:3867: checking for stdlib.h
configure:3867: result: yes
configure:3877: checking for GNU libc compatible realloc
configure:3901: mpicc -o conftest -g -O2   conftest.c  >&5
configure:3901: $? = 0
configure:3901: ./conftest
configure:3901: $? = 0
configure:3911: result: yes
configure:3940: checking for cp that supports -u
configure:3973: result: no
configure:4006: checking for ar
configure:4022: found /usr/bin/ar
configure:4034: result: ar
configure:4085: checking for ranlib
configure:4101: found /usr/bin/ranlib
configure:4112: result: ranlib
configure:4275: creating ./config.status

## ---------------------- ##
## Running config.status. ##
## ---------------------- ##

This file was extended by EXMCUTILS config.status 0.4.0, which was
generated by GNU Autoconf 2.69.  Invocation command line was

  CONFIG_FILES    = 
  CONFIG_HEADERS  = 
  CONFIG_LINKS    = 
  CONFIG_COMMANDS = 
  $ ./config.status 

on wireless-guest-16-18-206.uchicago.edu

config.status:830: creating Makefile
config.status:830: creating src/module.mk
config.status:830: creating tests/module.mk
config.status:830: creating src/c-utils.h
config.status:830: creating c-utils-config.h
config.status:1000: c-utils-config.h is unchanged

## ---------------- ##
## Cache variables. ##
## ---------------- ##

ac_cv_c_compiler_gnu=yes
ac_cv_c_inline=inline
ac_cv_c_int64_t=yes
ac_cv_c_uint16_t=yes
ac_cv_c_uint32_t=yes
ac_cv_c_uint64_t=yes
ac_cv_c_uint8_t=yes
ac_cv_env_CC_set=set
ac_cv_env_CC_value=mpicc
ac_cv_env_CFLAGS_set=
ac_cv_env_CFLAGS_value=
ac_cv_env_CPPFLAGS_set=
ac_cv_env_CPPFLAGS_value=
ac_cv_env_CPP_set=
ac_cv_env_CPP_value=
ac_cv_env_LDFLAGS_set=
ac_cv_env_LDFLAGS_value=
ac_cv_env_LIBS_set=
ac_cv_env_LIBS_value=
ac_cv_env_build_alias_set=
ac_cv_env_build_alias_value=
ac_cv_env_host_alias_set=
ac_cv_env_host_alias_value=
ac_cv_env_target_alias_set=
ac_cv_env_target_alias_value=
ac_cv_func_floor=yes
ac_cv_func_gettimeofday=yes
ac_cv_func_malloc_0_nonnull=yes
ac_cv_func_memchr=yes
ac_cv_func_memmove=yes
ac_cv_func_realloc_0_nonnull=yes
ac_cv_func_strchr=yes
ac_cv_func_strdup=yes
ac_cv_func_strnlen=yes
ac_cv_func_strtol=yes
ac_cv_header_inttypes_h=yes
ac_cv_header_memory_h=yes
ac_cv_header_stdbool_h=yes
ac_cv_header_stdc=yes
ac_cv_header_stddef_h=yes
ac_cv_header_stdint_h=yes
ac_cv_header_stdlib_h=yes
ac_cv_header_string_h=yes
ac_cv_header_strings_h=yes
ac_cv_header_sys_param_h=yes
ac_cv_header_sys_stat_h=yes
ac_cv_header_sys_time_h=yes
ac_cv_header_sys_types_h=yes
ac_cv_header_unistd_h=yes
ac_cv_objext=o
ac_cv_path_EGREP='/usr/bin/grep -E'
ac_cv_path_GREP=/usr/bin/grep
ac_cv_path_cp_u=no
ac_cv_prog_AR=ar
ac_cv_prog_CPP='mpicc -E'
ac_cv_prog_ac_ct_CC=mpicc
ac_cv_prog_ac_ct_RANLIB=ranlib
ac_cv_prog_cc_c89=
ac_cv_prog_cc_g=yes
ac_cv_type__Bool=yes
ac_cv_type_off_t=yes
ac_cv_type_pid_t=yes
ac_cv_type_size_t=yes

## ----------------- ##
## Output variables. ##
## ----------------- ##

AR='ar'
CC='mpicc'
CFLAGS='-g -O2'
CPP='mpicc -E'
CPPFLAGS=''
CP_U='no'
C_UTILS_VERSION='0.4.0'
DEFS='-DHAVE_CONFIG_H'
ECHO_C='\c'
ECHO_N=''
ECHO_T=''
EGREP='/usr/bin/grep -E'
ENABLE_FAST=''
ENABLE_SHARED='1'
ENABLE_STATIC='1'
EXEEXT=''
GREP='/usr/bin/grep'
LDFLAGS=''
LIBOBJS=''
LIBS=''
LTLIBOBJS=''
OBJEXT='o'
PACKAGE_BUGREPORT='wozniak@mcs.anl.gov'
PACKAGE_NAME='EXMCUTILS'
PACKAGE_STRING='EXMCUTILS 0.4.0'
PACKAGE_TARNAME='exmcutils'
PACKAGE_URL=''
PACKAGE_VERSION='0.4.0'
PATH_SEPARATOR=':'
RANLIB='ranlib'
SHELL='/bin/sh'
SUBST_HAVE_STRNLEN='1'
USE_MAC='yes'
USE_XLC='0'
ac_ct_CC='mpicc'
bindir='${exec_prefix}/bin'
build_alias=''
datadir='${datarootdir}'
datarootdir='${prefix}/share'
docdir='${datarootdir}/doc/${PACKAGE_TARNAME}'
dvidir='${docdir}'
exec_prefix='${prefix}'
host_alias=''
htmldir='${docdir}'
includedir='${prefix}/include'
infodir='${datarootdir}/info'
libdir='${exec_prefix}/lib'
libexecdir='${exec_prefix}/libexec'
localedir='${datarootdir}/locale'
localstatedir='${prefix}/var'
mandir='${datarootdir}/man'
oldincludedir='/usr/include'
pdfdir='${docdir}'
prefix='/tmp/exm-install/c-utils'
program_transform_name='s,x,x,'
psdir='${docdir}'
sbindir='${exec_prefix}/sbin'
sharedstatedir='${prefix}/com'
sysconfdir='${prefix}/etc'
target_alias=''

## ----------- ##
## confdefs.h. ##
## ----------- ##

/* confdefs.h */
#define PACKAGE_NAME "EXMCUTILS"
#define PACKAGE_TARNAME "exmcutils"
#define PACKAGE_VERSION "0.4.0"
#define PACKAGE_STRING "EXMCUTILS 0.4.0"
#define PACKAGE_BUGREPORT "wozniak@mcs.anl.gov"
#define PACKAGE_URL ""
#define STDC_HEADERS 1
#define HAVE_SYS_TYPES_H 1
#define HAVE_SYS_STAT_H 1
#define HAVE_STDLIB_H 1
#define HAVE_STRING_H 1
#define HAVE_MEMORY_H 1
#define HAVE_STRINGS_H 1
#define HAVE_INTTYPES_H 1
#define HAVE_STDINT_H 1
#define HAVE_UNISTD_H 1
#define HAVE_STDDEF_H 1
#define HAVE_STDINT_H 1
#define HAVE_STDLIB_H 1
#define HAVE_STRING_H 1
#define HAVE_SYS_PARAM_H 1
#define HAVE_SYS_TIME_H 1
#define HAVE__BOOL 1
#define HAVE_STDBOOL_H 1
#define HAVE_FLOOR 1
#define HAVE_GETTIMEOFDAY 1
#define HAVE_MEMCHR 1
#define HAVE_MEMMOVE 1
#define HAVE_STRCHR 1
#define HAVE_STRDUP 1
#define HAVE_STRNLEN 1
#define HAVE_STRTOL 1
#define HAVE_STDLIB_H 1
#define HAVE_MALLOC 1
#define HAVE_STDLIB_H 1
#define HAVE_REALLOC 1

configure: exit 0
